<?xml version="1.0" encoding="UTF-8"?>
<!-- Generated by org.testng.reporters.JUnitReportReporter -->
<testsuite hostname="SL27" failures="0" tests="3" name="runners.MyTestRunner" time="3.797" errors="0" timestamp="2026-02-26T13:00:31 IST" skipped="0">
  <testcase classname="runners.MyTestRunner" name="runScenario" time="1.099"/>
  <testcase classname="runners.MyTestRunner" name="runScenario" time="1.139"/>
  <testcase classname="runners.MyTestRunner" name="runScenario" time="1.559"/>
</testsuite> <!-- runners.MyTestRunner -->
